[0m23:51:17.136483 [debug] [MainThread]: Sending event: {'category': 'dbt', 'action': 'invocation', 'label': 'start', 'context': [<snowplow_tracker.self_describing_json.SelfDescribingJson object at 0x000001D06AA066B0>, <snowplow_tracker.self_describing_json.SelfDescribingJson object at 0x000001D06BAE1BD0>, <snowplow_tracker.self_describing_json.SelfDescribingJson object at 0x000001D06BAE19C0>]}


============================== 23:51:17.146397 | faeed61d-9ed4-4c81-8345-3f6b3ecd69bc ==============================
[0m23:51:17.146397 [info ] [MainThread]: Running with dbt=1.9.4
[0m23:51:17.146397 [debug] [MainThread]: running dbt with arguments {'printer_width': '80', 'indirect_selection': 'eager', 'log_cache_events': 'False', 'write_json': 'True', 'partial_parse': 'True', 'cache_selected_only': 'False', 'profiles_dir': 'C:\\Users\\Sudarshan\\.dbt', 'fail_fast': 'False', 'debug': 'False', 'log_path': 'logs', 'version_check': 'True', 'warn_error': 'None', 'use_colors': 'True', 'use_experimental_parser': 'False', 'no_print': 'None', 'quiet': 'False', 'empty': 'None', 'warn_error_options': 'WarnErrorOptions(include=[], exclude=[])', 'introspect': 'True', 'log_format': 'default', 'static_parser': 'True', 'target_path': 'None', 'invocation_command': 'dbt init dbt_sample_project', 'send_anonymous_usage_stats': 'True'}
[0m23:51:17.154814 [warn ] [MainThread]: [ConfigFolderDirectory]: Unable to parse logging event dictionary. Failed to parse dir field: expected string or bytes-like object.. Dictionary: {'dir': WindowsPath('C:/Users/Sudarshan/.dbt')}
[0m23:51:17.154814 [info ] [MainThread]: Creating dbt configuration folder at 
[0m23:51:17.154814 [debug] [MainThread]: Starter project path: C:\Users\Sudarshan\AppData\Local\Programs\Python\Python310\lib\site-packages\dbt\include\starter_project
[0m23:51:17.164988 [info ] [MainThread]: 
Your new dbt project "dbt_sample_project" was created!

For more information on how to configure the profiles.yml file,
please consult the dbt documentation here:

  https://docs.getdbt.com/docs/configure-your-profile

One more thing:

Need help? Don't hesitate to reach out to us via GitHub issues or on Slack:

  https://community.getdbt.com/

Happy modeling!

[0m23:51:17.166995 [info ] [MainThread]: Setting up your profile.
[0m23:52:45.241425 [info ] [MainThread]: Profile dbt_sample_project written to C:\Users\Sudarshan\.dbt\profiles.yml using target's profile_template.yml and your supplied values. Run 'dbt debug' to validate the connection.
[0m23:52:45.257206 [debug] [MainThread]: Command `dbt init` succeeded at 23:52:45.257206 after 88.29 seconds
[0m23:52:45.257206 [debug] [MainThread]: Sending event: {'category': 'dbt', 'action': 'invocation', 'label': 'end', 'context': [<snowplow_tracker.self_describing_json.SelfDescribingJson object at 0x000001D06AA066B0>, <snowplow_tracker.self_describing_json.SelfDescribingJson object at 0x000001D06B742290>, <snowplow_tracker.self_describing_json.SelfDescribingJson object at 0x000001D06BB86FB0>]}
[0m23:52:45.257206 [debug] [MainThread]: Flushing usage events
[0m23:52:46.307030 [debug] [MainThread]: An error was encountered while trying to flush usage events
